*
* Visual Studio Code Server
*
* By using the software, you agree to
* the Visual Studio Code Server License Terms (https://aka.ms/vscode-server-license) and
* the Microsoft Privacy Statement (https://privacy.microsoft.com/en-US/privacystatement).
*
Server bound to /run/user/1000/vscode-ssh-remote-server-sock-1672098721
Extension host agent listening on /run/user/1000/vscode-ssh-remote-server-sock-1672098721

[02:52:01] Extension host agent started.
[02:52:03] [<unknown>][feb5fda2][ManagementConnection] Unknown reconnection token (never seen).
[02:52:03] [<unknown>][af073e0d][ExtensionHostConnection] Unknown reconnection token (never seen).
[02:52:27] [<unknown>][8bb6c0c5][ManagementConnection] New connection established.
[02:52:27] [<unknown>][1cf86dae][ExtensionHostConnection] New connection established.
[02:52:27] [<unknown>][1cf86dae][ExtensionHostConnection] <1265> Launched Extension Host Process.
[IPC Library: Pty Host]  WARN Shell integration cannot be enabled for executable "/bin/sh" and args [
  '-c',
  'wget --version > /dev/null\n' +
    'if [ $? -eq 0 ]\n' +
    'then\n' +
    "\twget --connect-timeout=7 --tries=1 --dns-timeout=7 -q --header='Metadata:true' -O - http://169.254.169.254/metadata/instance?api-version=2019-03-11\n" +
    'else\n' +
    '\tcurl --version > /dev/null\n' +
    '\tif [ $? -eq 0 ]\n' +
    '\tthen\n' +
    "\t\tcurl --connect-timeout 7 -s --header='Metadata:true' http://169.254.169.254/metadata/instance?api-version=2019-03-11\n" +
    '\tfi\n' +
    'fi\n' +
    'exit 0'
]
[IPC Library: Pty Host]  WARN Shell integration cannot be enabled for executable "/bin/sh" and args [
  '-c',
  'wget --version > /dev/null\n' +
    'if [ $? -eq 0 ]\n' +
    'then\n' +
    '\twget --connect-timeout=7 --tries=1 --dns-timeout=7 -q  -O - http://169.254.169.254/latest/meta-data/instance-id\n' +
    'else\n' +
    '\tcurl --version > /dev/null\n' +
    '\tif [ $? -eq 0 ]\n' +
    '\tthen\n' +
    '\t\tcurl --connect-timeout 7 -s  http://169.254.169.254/latest/meta-data/instance-id\n' +
    '\tfi\n' +
    'fi\n' +
    'exit 0'
]
[IPC Library: Pty Host]  WARN Shell integration cannot be enabled for executable "/bin/sh" and args [
  '-c',
  'wget --version > /dev/null\n' +
    'if [ $? -eq 0 ]\n' +
    'then\n' +
    '\twget --connect-timeout=7 --tries=1 --dns-timeout=7 -q  -O - http://169.254.169.254/metadata/v1/id\n' +
    'else\n' +
    '\tcurl --version > /dev/null\n' +
    '\tif [ $? -eq 0 ]\n' +
    '\tthen\n' +
    '\t\tcurl --connect-timeout 7 -s  http://169.254.169.254/metadata/v1/id\n' +
    '\tfi\n' +
    'fi\n' +
    'exit 0'
]
[IPC Library: Pty Host]  WARN Shell integration cannot be enabled for executable "/bin/sh" and args [
  '-c',
  'wget --version > /dev/null\n' +
    'if [ $? -eq 0 ]\n' +
    'then\n' +
    "\twget --connect-timeout=7 --tries=1 --dns-timeout=7 -q --header='Metadata-Flavor:Google' -O - http://metadata.google.internal/computeMetadata/v1/instance/id\n" +
    'else\n' +
    '\tcurl --version > /dev/null\n' +
    '\tif [ $? -eq 0 ]\n' +
    '\tthen\n' +
    "\t\tcurl --connect-timeout 7 -s --header='Metadata-Flavor:Google' http://metadata.google.internal/computeMetadata/v1/instance/id\n" +
    '\tfi\n' +
    'fi\n' +
    'exit 0'
]
[03:18:13] Getting Manifest... ms-azuretools.vscode-docker
[03:18:13] Installing extension: ms-azuretools.vscode-docker
[03:18:18] Extracted extension to /home/tsurkinasa/.vscode-server/extensions/.31bb07bb-ef83-4b28-901c-e8a6ac666e53: ms-azuretools.vscode-docker
[03:18:18] Renamed to /home/tsurkinasa/.vscode-server/extensions/ms-azuretools.vscode-docker-1.23.3
[03:18:18] Extracting completed. ms-azuretools.vscode-docker
[03:18:18] Extension installed successfully: ms-azuretools.vscode-docker
[03:18:41] Error: connect ECONNREFUSED 20.44.10.123:443
    at TCPConnectWrap.afterConnect [as oncomplete] (node:net:1157:16) {
  errno: -111,
  code: 'ECONNREFUSED',
  syscall: 'connect',
  address: '20.44.10.123',
  port: 443
}
[node.js fs] readdir with filetypes failed with error:  [Error: EACCES: permission denied, scandir '/home/tsurkinasa/data'] {
  errno: -13,
  code: 'EACCES',
  syscall: 'scandir',
  path: '/home/tsurkinasa/data'
}
